<?xml version="1.0" encoding="UTF-8"?>
<!-- Generated by org.testng.reporters.JUnitReportReporter -->
<testsuite name="Selenium.SeleniumTest" tests="2" time="0.006" ignored="0" failures="0" timestamp="03 Nov 2017 12:27:16 GMT" skipped="0" hostname="ind496" errors="0">
  <testcase name="test1" time="0.006" classname="Selenium.SeleniumTest"/>
  <testcase name="test2" time="0.000" classname="Selenium.SeleniumTest"/>
</testsuite> <!-- Selenium.SeleniumTest -->
