<?xml version="1.0" encoding="UTF-8"?>
<!-- Generated by org.testng.reporters.JUnitReportReporter -->
<testsuite name="Selenium.AppiumTest" tests="2" time="0.001" ignored="0" failures="0" timestamp="03 Nov 2017 12:27:16 GMT" skipped="0" hostname="ind496" errors="0">
  <testcase name="test4" time="0.000" classname="Selenium.AppiumTest"/>
  <testcase name="test3" time="0.001" classname="Selenium.AppiumTest"/>
</testsuite> <!-- Selenium.AppiumTest -->
