<?xml version="1.0" encoding="UTF-8"?>
<!-- Generated by org.testng.reporters.JUnitReportReporter -->
<testsuite name="Selenium.RestAPITest" tests="2" time="0.000" ignored="0" failures="0" timestamp="03 Nov 2017 12:27:16 GMT" skipped="0" hostname="ind496" errors="0">
  <testcase name="test6" time="0.000" classname="Selenium.RestAPITest"/>
  <testcase name="test5" time="0.000" classname="Selenium.RestAPITest"/>
</testsuite> <!-- Selenium.RestAPITest -->
