<?xml version="1.0" encoding="UTF-8"?>
<!-- Generated by org.testng.reporters.JUnitReportReporter -->
<testsuite name="Selenium.AppTest" tests="1" time="0.012" ignored="0" failures="0" timestamp="03 Nov 2017 12:27:16 GMT" skipped="0" hostname="ind496" errors="0">
  <testcase name="testApp" time="0.012" classname="Selenium.AppTest"/>
</testsuite> <!-- Selenium.AppTest -->
