<?xml version="1.0" encoding="UTF-8"?>
<!-- Generated by org.testng.reporters.JUnitReportReporter -->
<testsuite skipped="0" hostname="ind496" name="Selenium.RestAPITest" tests="1" failures="0" timestamp="24 Jan 2018 11:17:35 GMT" time="0.012" errors="0">
  <testcase name="test6" time="0.012" classname="Selenium.RestAPITest"/>
</testsuite> <!-- Selenium.RestAPITest -->
