<?xml version="1.0" encoding="UTF-8"?>
<!-- Generated by org.testng.reporters.JUnitReportReporter -->
<testsuite skipped="0" hostname="ind496" name="Selenium.SeleniumTest" tests="2" failures="0" timestamp="24 Jan 2018 11:17:35 GMT" time="0.004" errors="0">
  <testcase name="test2" time="0.002" classname="Selenium.SeleniumTest"/>
  <testcase name="test1" time="0.002" classname="Selenium.SeleniumTest"/>
</testsuite> <!-- Selenium.SeleniumTest -->
