<?xml version="1.0" encoding="UTF-8"?>
<!-- Generated by org.testng.reporters.JUnitReportReporter -->
<testsuite name="Selenium.RestAPITest" tests="1" time="0.007" ignored="1" failures="0" timestamp="23 Feb 2018 11:01:14 GMT" skipped="0" hostname="ind496" errors="0">
  <testcase name="test6" time="0.007" classname="Selenium.RestAPITest"/>
  <testcase name="test5" classname="Selenium.RestAPITest">
    <skipped/>
  </testcase> <!-- test5 -->
</testsuite> <!-- Selenium.RestAPITest -->
