<?xml version="1.0" encoding="UTF-8"?>
<!-- Generated by org.testng.reporters.JUnitReportReporter -->
<testsuite name="Selenium.SeleniumTest" tests="2" time="0.001" ignored="1" failures="0" timestamp="23 Feb 2018 11:01:14 GMT" skipped="0" hostname="ind496" errors="0">
  <testcase name="test1" time="0.001" classname="Selenium.SeleniumTest"/>
  <testcase name="test2" time="0.000" classname="Selenium.SeleniumTest"/>
  <testcase name="test5" classname="Selenium.RestAPITest">
    <skipped/>
  </testcase> <!-- test5 -->
</testsuite> <!-- Selenium.SeleniumTest -->
