<?xml version="1.0" encoding="UTF-8"?>
<!-- Generated by org.testng.reporters.JUnitReportReporter -->
<testsuite name="Selenium.AppiumTest" tests="2" time="0.000" ignored="1" failures="0" timestamp="23 Feb 2018 11:01:14 GMT" skipped="0" hostname="ind496" errors="0">
  <testcase name="test4" time="0.000" classname="Selenium.AppiumTest"/>
  <testcase name="test3" time="0.000" classname="Selenium.AppiumTest"/>
  <testcase name="test5" classname="Selenium.RestAPITest">
    <skipped/>
  </testcase> <!-- test5 -->
</testsuite> <!-- Selenium.AppiumTest -->
